<?xml version="1.0" encoding="UTF-8"?>
<testng-results ignored="0" total="1" passed="1" failed="0" skipped="0">
  <reporter-output>
  </reporter-output>
  <suite started-at="2024-08-15T21:20:47 IST" name="project2" finished-at="2024-08-15T21:21:14 IST" duration-ms="26291">
    <groups>
    </groups>
    <test started-at="2024-08-15T21:20:47 IST" name="Bankingapp Test" finished-at="2024-08-15T21:21:14 IST" duration-ms="26291">
      <class name="com.testcases.Paymentgetway">
        <test-method is-config="true" signature="init(java.lang.String)[pri:0, instance:com.testcases.Paymentgetway@3eb738bb]" started-at="2024-08-15T21:20:47 IST" name="init" finished-at="2024-08-15T21:20:59 IST" duration-ms="11840" status="PASS">
          <params>
            <param index="0">
              <value>
                <![CDATA[chrome]]>
              </value>
            </param>
          </params>
          <reporter-output>
          </reporter-output>
        </test-method> <!-- init -->
        <test-method signature="paymentgetwy(java.lang.String,java.lang.String)[pri:0, instance:com.testcases.Paymentgetway@3eb738bb]" started-at="2024-08-15T21:21:00 IST" name="paymentgetwy" data-provider="Paymentdetails" finished-at="2024-08-15T21:21:13 IST" duration-ms="13106" status="PASS">
          <params>
            <param index="0">
              <value is-null="true"/>
            </param>
            <param index="1">
              <value is-null="true"/>
            </param>
          </params>
          <reporter-output>
          </reporter-output>
        </test-method> <!-- paymentgetwy -->
        <test-method is-config="true" signature="teardown()[pri:0, instance:com.testcases.Paymentgetway@3eb738bb]" started-at="2024-08-15T21:21:13 IST" name="teardown" finished-at="2024-08-15T21:21:14 IST" duration-ms="216" status="PASS">
          <reporter-output>
          </reporter-output>
        </test-method> <!-- teardown -->
      </class> <!-- com.testcases.Paymentgetway -->
    </test> <!-- Bankingapp Test -->
  </suite> <!-- project2 -->
</testng-results>
